<?xml version="1.0" encoding="UTF-8"?>
<testsuite name="com.policyconfig.spring.PolicyConfigAutoConfigurationTest" tests="5" skipped="0" failures="0" errors="0" timestamp="2026-04-01T04:46:51.145Z" hostname="jhonui-MacBookPro-2.local" time="0.138">
  <properties/>
  <testcase name="createsPolicyResolverBean()" classname="com.policyconfig.spring.PolicyConfigAutoConfigurationTest" time="0.1"/>
  <testcase name="exposesEndpointSnapshotAndRefresh()" classname="com.policyconfig.spring.PolicyConfigAutoConfigurationTest" time="0.013"/>
  <testcase name="diffModeReturnsOnlyChangedEntries()" classname="com.policyconfig.spring.PolicyConfigAutoConfigurationTest" time="0.008"/>
  <testcase name="appliesPrefixFilterAndCustomConverterBindings()" classname="com.policyconfig.spring.PolicyConfigAutoConfigurationTest" time="0.006"/>
  <testcase name="marksAnnotatedPolicyKeyBeansAsDeclared()" classname="com.policyconfig.spring.PolicyConfigAutoConfigurationTest" time="0.007"/>
  <system-out><![CDATA[]]></system-out>
  <system-err><![CDATA[]]></system-err>
</testsuite>
