<?xml version="1.0" encoding="UTF-8"?>
<testsuite name="com.policyconfig.api.PolicyKeyTest" tests="2" skipped="0" failures="0" errors="0" timestamp="2026-04-01T04:46:48.591Z" hostname="jhonui-MacBookPro-2.local" time="0.008">
  <properties/>
  <testcase name="rejectsBlankName()" classname="com.policyconfig.api.PolicyKeyTest" time="0.005"/>
  <testcase name="appliesNamespaceAliasesAndMetadata()" classname="com.policyconfig.api.PolicyKeyTest" time="0.002"/>
  <system-out><![CDATA[]]></system-out>
  <system-err><![CDATA[]]></system-err>
</testsuite>
