<?xml version="1.0" encoding="UTF-8"?>
<testsuite name="com.policyconfig.core.source.DefaultPolicyResolverTest" tests="4" skipped="0" failures="0" errors="0" timestamp="2026-04-01T04:46:49.145Z" hostname="jhonui-MacBookPro-2.local" time="0.008">
  <properties/>
  <testcase name="validatesDefaultValueWhenMissing()" classname="com.policyconfig.core.source.DefaultPolicyResolverTest" time="0.005"/>
  <testcase name="usesLaterSourceForOverrides()" classname="com.policyconfig.core.source.DefaultPolicyResolverTest" time="0.002"/>
  <testcase name="resolvesAliasesAndDefaults()" classname="com.policyconfig.core.source.DefaultPolicyResolverTest" time="0.0"/>
  <testcase name="requireThrowsWhenMissingAndNoDefault()" classname="com.policyconfig.core.source.DefaultPolicyResolverTest" time="0.0"/>
  <system-out><![CDATA[]]></system-out>
  <system-err><![CDATA[]]></system-err>
</testsuite>
